<?xml version="1.0" encoding="UTF-8"?>
<testsuite xmlns:xsi="http://www.w3.org/2001/XMLSchema-instance" xsi:noNamespaceSchemaLocation="https://maven.apache.org/surefire/maven-surefire-plugin/xsd/surefire-test-report-3.0.xsd" version="3.0" name="com.billing.AppTest" time="0.07" tests="4" errors="0" skipped="0" failures="0">
  <properties>
[...]
</properties>
  <testcase name="testBasicPlanWithinLimit" classname="com.billing.AppTest" time="0.036"/>
  <testcase name="testInvalidPlan" classname="com.billing.AppTest" time="0.003"/>
  <testcase name="testStandardPlanWithOverage" classname="com.billing.AppTest" time="0.001"/>
  <testcase name="testBasicPlanWithOverage" classname="com.billing.AppTest" time="0.001"/>
</testsuite>